# JRE version: OpenJDK Runtime Environment Temurin-17.0.4+8 (17.0.4+8) (build 17.0.4+8)
# Java VM: OpenJDK 64-Bit Server VM Temurin-17.0.4+8 (17.0.4+8, mixed mode, emulated-client, tiered, compressed oops, compressed class ptrs, g1 gc, windows-amd64)
GC Precious Log:
 CPUs: 12 total, 12 available
 Memory: 16263M
 Large Page Support: Disabled
 NUMA Support: Disabled
 Compressed Oops: Enabled (Zero based)
 Heap Region Size: 2M
 Heap Min Capacity: 8M
 Heap Initial Capacity: 256M
 Heap Max Capacity: 4066M
 Pre-touch: Disabled
 Parallel Workers: 10
 Concurrent Workers: 3
 Concurrent Refinement Workers: 10
 Periodic GC: Disabled
Heap:
 garbage-first heap   total 116736K, used 34416K [0x0000000701e00000, 0x0000000800000000)
  region size 2048K, 1 young (2048K), 0 survivors (0K)
 Metaspace       used 54910K, committed 55552K, reserved 1097728K
  class space    used 7318K, committed 7616K, reserved 1048576K
GC Heap History (20 events):
Event: 3309.966 GC heap before
{Heap before GC invocations=208 (full 182):
 garbage-first heap   total 116736K, used 34425K [0x0000000701e00000, 0x0000000800000000)
  region size 2048K, 1 young (2048K), 0 survivors (0K)
 Metaspace       used 54920K, committed 55552K, reserved 1097728K
  class space    used 7320K, committed 7616K, reserved 1048576K
}
Event: 3309.996 GC heap after
{Heap after GC invocations=209 (full 183):
 garbage-first heap   total 116736K, used 34425K [0x0000000701e00000, 0x0000000800000000)
  region size 2048K, 0 young (0K), 0 survivors (0K)
 Metaspace       used 54920K, committed 55552K, reserved 1097728K
  class space    used 7320K, committed 7616K, reserved 1048576K
}
Event: 3320.119 GC heap before
{Heap before GC invocations=209 (full 183):
 garbage-first heap   total 116736K, used 34425K [0x0000000701e00000, 0x0000000800000000)
  region size 2048K, 1 young (2048K), 0 survivors (0K)
 Metaspace       used 54920K, committed 55552K, reserved 1097728K
  class space    used 7320K, committed 7616K, reserved 1048576K
}
Event: 3320.153 GC heap after
{Heap after GC invocations=210 (full 184):
 garbage-first heap   total 116736K, used 34418K [0x0000000701e00000, 0x0000000800000000)
  region size 2048K, 0 young (0K), 0 survivors (0K)
 Metaspace       used 54910K, committed 55552K, reserved 1097728K
  class space    used 7318K, committed 7616K, reserved 1048576K
}
Event: 3330.276 GC heap before
{Heap before GC invocations=210 (full 184):
 garbage-first heap   total 116736K, used 34418K [0x0000000701e00000, 0x0000000800000000)
  region size 2048K, 1 young (2048K), 0 survivors (0K)
 Metaspace       used 54910K, committed 55552K, reserved 1097728K
  class space    used 7318K, committed 7616K, reserved 1048576K
}
Event: 3330.306 GC heap after
{Heap after GC invocations=211 (full 185):
 garbage-first heap   total 116736K, used 34416K [0x0000000701e00000, 0x0000000800000000)
  region size 2048K, 0 young (0K), 0 survivors (0K)
 Metaspace       used 54910K, committed 55552K, reserved 1097728K
  class space    used 7318K, committed 7616K, reserved 1048576K
}
Event: 3340.432 GC heap before
{Heap before GC invocations=211 (full 185):
 garbage-first heap   total 116736K, used 34416K [0x0000000701e00000, 0x0000000800000000)
  region size 2048K, 1 young (2048K), 0 survivors (0K)
 Metaspace       used 54910K, committed 55552K, reserved 1097728K
  class space    used 7318K, committed 7616K, reserved 1048576K
}
Event: 3340.462 GC heap after
{Heap after GC invocations=212 (full 186):
 garbage-first heap   total 116736K, used 34416K [0x0000000701e00000, 0x0000000800000000)
  region size 2048K, 0 young (0K), 0 survivors (0K)
 Metaspace       used 54910K, committed 55552K, reserved 1097728K
  class space    used 7318K, committed 7616K, reserved 1048576K
}
Event: 3350.594 GC heap before
{Heap before GC invocations=212 (full 186):
 garbage-first heap   total 116736K, used 34416K [0x0000000701e00000, 0x0000000800000000)
  region size 2048K, 1 young (2048K), 0 survivors (0K)
 Metaspace       used 54910K, committed 55552K, reserved 1097728K
  class space    used 7318K, committed 7616K, reserved 1048576K
}
Event: 3350.624 GC heap after
{Heap after GC invocations=213 (full 187):
 garbage-first heap   total 116736K, used 34416K [0x0000000701e00000, 0x0000000800000000)
  region size 2048K, 0 young (0K), 0 survivors (0K)
 Metaspace       used 54910K, committed 55552K, reserved 1097728K
  class space    used 7318K, committed 7616K, reserved 1048576K
}
Event: 3360.760 GC heap before
{Heap before GC invocations=213 (full 187):
 garbage-first heap   total 116736K, used 34416K [0x0000000701e00000, 0x0000000800000000)
  region size 2048K, 1 young (2048K), 0 survivors (0K)
 Metaspace       used 54910K, committed 55552K, reserved 1097728K
  class space    used 7318K, committed 7616K, reserved 1048576K
}
Event: 3360.793 GC heap after
{Heap after GC invocations=214 (full 188):
 garbage-first heap   total 116736K, used 34416K [0x0000000701e00000, 0x0000000800000000)
  region size 2048K, 0 young (0K), 0 survivors (0K)
 Metaspace       used 54910K, committed 55552K, reserved 1097728K
  class space    used 7318K, committed 7616K, reserved 1048576K
}
Event: 3371.004 GC heap before
{Heap before GC invocations=214 (full 188):
 garbage-first heap   total 116736K, used 34416K [0x0000000701e00000, 0x0000000800000000)
  region size 2048K, 1 young (2048K), 0 survivors (0K)
 Metaspace       used 54910K, committed 55552K, reserved 1097728K
  class space    used 7318K, committed 7616K, reserved 1048576K
}
Event: 3371.078 GC heap after
{Heap after GC invocations=215 (full 189):
 garbage-first heap   total 116736K, used 34416K [0x0000000701e00000, 0x0000000800000000)
  region size 2048K, 0 young (0K), 0 survivors (0K)
 Metaspace       used 54910K, committed 55552K, reserved 1097728K
  class space    used 7318K, committed 7616K, reserved 1048576K
}
Event: 3381.302 GC heap before
{Heap before GC invocations=215 (full 189):
 garbage-first heap   total 116736K, used 34416K [0x0000000701e00000, 0x0000000800000000)
  region size 2048K, 1 young (2048K), 0 survivors (0K)
 Metaspace       used 54910K, committed 55552K, reserved 1097728K
  class space    used 7318K, committed 7616K, reserved 1048576K
}
Event: 3381.359 GC heap after
{Heap after GC invocations=216 (full 190):
 garbage-first heap   total 116736K, used 34416K [0x0000000701e00000, 0x0000000800000000)
  region size 2048K, 0 young (0K), 0 survivors (0K)
 Metaspace       used 54910K, committed 55552K, reserved 1097728K
  class space    used 7318K, committed 7616K, reserved 1048576K
}
Event: 3391.814 GC heap before
{Heap before GC invocations=216 (full 190):
 garbage-first heap   total 116736K, used 34416K [0x0000000701e00000, 0x0000000800000000)
  region size 2048K, 1 young (2048K), 0 survivors (0K)
 Metaspace       used 54910K, committed 55552K, reserved 1097728K
  class space    used 7318K, committed 7616K, reserved 1048576K
}
Event: 3391.932 GC heap after
{Heap after GC invocations=217 (full 191):
 garbage-first heap   total 116736K, used 34416K [0x0000000701e00000, 0x0000000800000000)
  region size 2048K, 0 young (0K), 0 survivors (0K)
 Metaspace       used 54910K, committed 55552K, reserved 1097728K
  class space    used 7318K, committed 7616K, reserved 1048576K
}
Event: 3402.198 GC heap before
{Heap before GC invocations=217 (full 191):
 garbage-first heap   total 116736K, used 34416K [0x0000000701e00000, 0x0000000800000000)
  region size 2048K, 1 young (2048K), 0 survivors (0K)
 Metaspace       used 54910K, committed 55552K, reserved 1097728K
  class space    used 7318K, committed 7616K, reserved 1048576K
}
Event: 3402.254 GC heap after
{Heap after GC invocations=218 (full 192):
 garbage-first heap   total 116736K, used 34416K [0x0000000701e00000, 0x0000000800000000)
  region size 2048K, 0 young (0K), 0 survivors (0K)
 Metaspace       used 54910K, committed 55552K, reserved 1097728K
  class space    used 7318K, committed 7616K, reserved 1048576K
}

